make.exe all --print-data-base --no-builtin-variables --no-builtin-rules --question
make.exe: *** No rule to make target 'all'.  Stop.

# GNU Make 4.2.1
# Built for x86_64-w64-mingw32
# Copyright (C) 1988-2016 Free Software Foundation, Inc.
# License GPLv3+: GNU GPL version 3 or later <http://gnu.org/licenses/gpl.html>
# This is free software: you are free to change and redistribute it.
# There is NO WARRANTY, to the extent permitted by law.

# Make data base, printed on Thu May 19 15:06:47 2022

# Variables

# 'override' directive
GNUMAKEFLAGS := 
# automatic
<D = $(patsubst %/,%,$(patsubst %\,%,$(dir $<)))
# automatic
?F = $(notdir $?)
# default
.SHELLFLAGS := -c
# environment
PACKAGES_PATH = D:\EDK2\edk2\
# makefile
MAKEFLAGS = pqrR
# environment
VSCODE_LOG_NATIVE = false
# automatic
?D = $(patsubst %/,%,$(patsubst %\,%,$(dir $?)))
# automatic
@D = $(patsubst %/,%,$(patsubst %\,%,$(dir $@)))
# environment
HOMEDRIVE = C:
# automatic
@F = $(notdir $@)
# automatic
^D = $(patsubst %/,%,$(patsubst %\,%,$(dir $^)))
# makefile
CURDIR := d:/Code/Coding Master
# default
SHELL := sh.exe
# environment
CLION = D:\IDE\CLion 2022.1\bin;
# environment
WINDIR = C:\WINDOWS
# environment
VSCODE_NLS_CONFIG = {"locale":"zh-cn","availableLanguages":{"*":"zh-cn"},"_languagePackId":"42e84e0914b17800d483f69e299e1b00.zh-cn","_translationsConfigFile":"C:\\Users\\zh306\\AppData\\Roaming\\Code\\clp\\42e84e0914b17800d483f69e299e1b00.zh-cn\\tcf.json","_cacheRoot":"C:\\Users\\zh306\\AppData\\Roaming\\Code\\clp\\42e84e0914b17800d483f69e299e1b00.zh-cn","_resolvedLanguagePackCoreLocation":"C:\\Users\\zh306\\AppData\\Roaming\\Code\\clp\\42e84e0914b17800d483f69e299e1b00.zh-cn\\da15b6fd3ef856477bf6f4fb29ba1b7af717770d","_corruptedFile":"C:\\Users\\zh306\\AppData\\Roaming\\Code\\clp\\42e84e0914b17800d483f69e299e1b00.zh-cn\\corrupted.info","_languagePackSupport":true}
# environment
VBOX_MSI_INSTALL_PATH = D:\IDE\VirtualBox\
# environment
ONEDRIVE = C:\Users\zh306\OneDrive
# environment
PATHEXT = .COM;.EXE;.BAT;.CMD;.VBS;.VBE;.JS;.JSE;.WSF;.WSH;.MSC;.PY;.PYW
# makefile
MAKEFILE_LIST := 
# environment
TMP = C:\Users\zh306\AppData\Local\Temp
# environment
VSCODE_VERBOSE_LOGGING = true
# environment
PROGRAMW6432 = C:\Program Files
# environment
PROGRAMDATA = C:\ProgramData
# environment
CONF_PATH = D:\EDK2\edk2\Conf
# environment
VSCODE_IPC_HOOK_EXTHOST = \\.\pipe\vscode-ipc-f73242a3-76c0-4df4-afda-de40f1abe015-sock
# environment
WINSDK10_PREFIX = C:\Program Files (x86)\Windows Kits\10\bin\10.0.19041.0\
# environment
VSCODE_CWD = D:\IDE\Microsoft VS Code
# environment
CYGWIN_HOME = C:\cygwin64\
# default
MAKE_HOST := x86_64-w64-mingw32
# environment
PATH = D:\IDE\Python;D:\IDE\WINDOWS.X64_193000_db_home\bin;C:\Program Files (x86)\Common Files\Oracle\Java\javapath;C:\WINDOWS\system32;C:\WINDOWS;C:\WINDOWS\System32\Wbem;C:\WINDOWS\System32\WindowsPowerShell\v1.0\;C:\WINDOWS\System32\OpenSSH\;D:\IDE\mingw64\bin;C:\Program Files (x86)\NVIDIA Corporation\PhysX\Common;D:\IDE\Java_JDK\bin;C:\Program Files\NVIDIA Corporation\NVIDIA NvDLISR;D:\IDE\Git\cmd;D:\IDE\Python\Scripts;D:\IDE\Python\Lib;D:\IDE\Python\libs;C:\ASL;C:\NASM;D:\IDE\Microsoft VS Code;D:\EDK2\edk2\BaseTools\Bin\Win32;C:\Users\zh306\AppData\Local\Microsoft\WindowsApps;D:\IDE\Microsoft VS Code\bin;D:\IDE\mingw64\bin;;C:\Program Files\JetBrains\IntelliJ IDEA 2022.1\bin;;D:\IDE\CLion 2022.1\bin;
# environment
VS2019_PREFIX = C:\2019\Community\VC\Tools\MSVC\14.29.30133\
# environment
COMMONPROGRAMW6432 = C:\Program Files\Common Files
# environment
NASM_PREFIX = C:\NASM
# environment
PROCESSOR_ARCHITECTURE = AMD64
# environment
USERPROFILE = C:\Users\zh306
# environment
ALLUSERSPROFILE = C:\ProgramData
# environment
VSCODE_LOG_STACK = false
# environment
NUMBER_OF_PROCESSORS = 12
# environment
ELECTRON_RUN_AS_NODE = 1
# environment
ISAL_PREFIX = C:\ASL
# default
.FEATURES := target-specific order-only second-expansion else-if shortest-stem undefine oneshell archives jobserver output-sync
# environment
INTELLIJ IDEA = C:\Program Files\JetBrains\IntelliJ IDEA 2022.1\bin;
# automatic
%F = $(notdir $%)
# environment
CHROME_CRASHPAD_PIPE_NAME = \\.\pipe\crashpad_9292_MOINFOFZBHALLCCN
# environment
VSCODE_PIPE_LOGGING = true
# environment
COMPUTERNAME = DOIDO
# environment
PROGRAMFILES = C:\Program Files
# default
.LOADED := 
# environment
DRIVERDATA = C:\Windows\System32\Drivers\DriverData
# environment
ORIGINAL_XDG_CURRENT_DESKTOP = undefined
# environment
USERNAME = zh306
# environment
PUBLIC = C:\Users\Public
# environment
VSCODE_AMD_ENTRYPOINT = vs/workbench/api/node/extensionHostProcess
# environment
EDK_TOOLS_PATH = D:\EDK2\edk2\BaseTools
# environment
VSCODE_CODE_CACHE_PATH = C:\Users\zh306\AppData\Roaming\Code\CachedData\da15b6fd3ef856477bf6f4fb29ba1b7af717770d
# environment
APPLICATION_INSIGHTS_NO_DIAGNOSTIC_CHANNEL = true
# environment
COMMONPROGRAMFILES = C:\Program Files\Common Files
# environment
LOGONSERVER = \\DOIDO
# environment
ONEDRIVECONSUMER = C:\Users\zh306\OneDrive
# environment
VSCODE_HANDLES_UNCAUGHT_ERRORS = true
# environment
USERDOMAIN = DOIDO
# environment
MAKELEVEL := 0
# default
MAKE = $(MAKE_COMMAND)
# default
MAKECMDGOALS := all
# environment
EDK_TOOLS_BIN = D:\EDK2\edk2\BaseTools\Bin
# default
MAKE_VERSION := 4.2.1
# environment
PYTHON_HOME = D:\IDE\Python\
# makefile
.DEFAULT_GOAL := 
# environment
PROGRAMFILES(X86) = C:\Program Files (x86)
# environment
BASE_TOOLS_PATH = D:\EDK2\edk2\BaseTools
# automatic
%D = $(patsubst %/,%,$(patsubst %\,%,$(dir $%)))
# environment
LOCALAPPDATA = C:\Users\zh306\AppData\Local
# environment
PSMODULEPATH = C:\Program Files\WindowsPowerShell\Modules;C:\WINDOWS\system32\WindowsPowerShell\v1.0\Modules
# default
MAKE_COMMAND := make.exe
# default
.VARIABLES := 
# automatic
*F = $(notdir $*)
# environment
PROCESSOR_IDENTIFIER = Intel64 Family 6 Model 158 Stepping 10, GenuineIntel
# environment
OS = Windows_NT
# environment
VSCODE_IPC_HOOK = \\.\pipe\9a92426a61e5374de1699b45a20a3260-1.67.1-main-sock
# environment
HOMEPATH = \Users\zh306
# environment
COMMONPROGRAMFILES(X86) = C:\Program Files (x86)\Common Files
# environment
PROMPT = $P$G
# environment
MFLAGS = -pqrR
# automatic
*D = $(patsubst %/,%,$(patsubst %\,%,$(dir $*)))
# environment
SYSTEMROOT = C:\WINDOWS
# environment
PYTHON_FREEZER_PATH = D:\IDE\Python\Scripts\
# automatic
+D = $(patsubst %/,%,$(patsubst %\,%,$(dir $+)))
# automatic
+F = $(notdir $+)
# environment
APPDATA = C:\Users\zh306\AppData\Roaming
# environment
TEMP = C:\Users\zh306\AppData\Local\Temp
# environment
COMSPEC = C:\WINDOWS\system32\cmd.exe
# environment
WORKSPACE = D:\EDK2\edk2\
# default
MAKEFILES := 
# automatic
<F = $(notdir $<)
# environment
LC_ALL = C
# automatic
^F = $(notdir $^)
# default
SUFFIXES := 
# environment
SYSTEMDRIVE = C:
# environment
SESSIONNAME = Console
# environment
PROCESSOR_REVISION = 9e0a
# default
.RECIPEPREFIX := 
# environment
LANG = C
# environment
PROCESSOR_LEVEL = 6
# environment
VSCODE_PID = 9292
# environment
USERDOMAIN_ROAMINGPROFILE = DOIDO
# variable set hash-table stats:
# Load=107/1024=10%, Rehash=0, Collisions=15/125=12%

# Pattern-specific Variable Values

# No pattern-specific variable values.

# Directories

# . (key d:/Code/Coding Master, mtime 1652944007): 8 files, no impossibilities.

# 8 files, no impossibilities in 1 directories.

# Implicit Rules

# No implicit rules.

# Files

# Not a target:
all:
#  Command line target.
#  Implicit rule search has been done.
#  File does not exist.
#  File has not been updated.

# Not a target:
Makefile:
#  Implicit rule search has been done.
#  File does not exist.
#  File has been updated.
#  Failed to be updated.

# Not a target:
makefile:
#  Implicit rule search has been done.
#  File does not exist.
#  File has been updated.
#  Failed to be updated.

# Not a target:
makefile.mak:
#  Implicit rule search has been done.
#  File does not exist.
#  File has been updated.
#  Failed to be updated.

# Not a target:
.DEFAULT:
#  Implicit rule search has not been done.
#  Modification time never checked.
#  File has not been updated.

# Not a target:
GNUmakefile:
#  Implicit rule search has been done.
#  File does not exist.
#  File has been updated.
#  Failed to be updated.

# files hash-table stats:
# Load=7/1024=1%, Rehash=0, Collisions=0/16=0%
# VPATH Search Paths

# No 'vpath' search paths.

# No general ('VPATH' variable) search path.

# strcache buffers: 1 (0) / strings = 15 / storage = 95 B / avg = 6 B
# current buf: size = 8162 B / used = 95 B / count = 15 / avg = 6 B

# strcache performance: lookups = 17 / hit rate = 11%
# hash-table stats:
# Load=15/8192=0%, Rehash=0, Collisions=1/17=6%
# Finished Make data base on Thu May 19 15:06:47 2022

 
